thread_pskc boot pskc=88CAFC25813AC66B445CCEC2ED43D298
thread_pskc role=disabled rloc16=0xFFFE ping=0/0 pong=0/0 ok=0 dataset=0 last= err=0/0
thread_pskc role=disabled rloc16=0xFFFE ping=0/0 pong=0/0 ok=0 dataset=0 last= err=0/0
thread_pskc role=disabled rloc16=0xFFFE ping=0/0 pong=0/0 ok=0 dataset=0 last= err=0/0
thread_pskc role=disabled rloc16=0xFFFE ping=0/0 pong=0/0 ok=0 dataset=0 last= err=0/0
thread_pskc role=disabled rloc16=0xFFFE ping=0/0 pong=0/0 ok=0 dataset=0 last= err=0/0
thread_pskc role=disabled rloc16=0xFFFE ping=0/0 pong=0/0 ok=0 dataset=0 last= err=0/0
thread_pskc role=disabled rloc16=0xFFFE ping=0/0 pong=0/0 ok=0 dataset=0 last= err=0/0
thread_pskc role=detached rloc16=0xFFFE ping=0/0 pong=0/0 ok=0 dataset=0 last= err=0/0
thread_pskc role=detached rloc16=0xFFFE ping=0/0 pong=0/0 ok=0 dataset=0 last= err=0/0
thread_pskc role=detached rloc16=0xFFFE ping=0/0 pong=0/0 ok=0 dataset=0 last= err=0/0
thread_pskc role=detached rloc16=0xFFFE ping=0/0 pong=0/0 ok=0 dataset=0 last= err=0/0
thread_pskc role=detached rloc16=0xFFFE ping=0/0 pong=0/0 ok=0 dataset=0 last= err=0/0
thread_pskc role=detached rloc16=0xFFFE ping=0/0 pong=0/0 ok=0 dataset=0 last= err=0/0
thread_pskc role=detached rloc16=0xFFFE ping=0/0 pong=0/0 ok=0 dataset=0 last= err=0/0
thread_pskc role=detached rloc16=0xFFFE ping=0/0 pong=0/0 ok=0 dataset=0 last= err=0/0
thread_pskc role=leader rloc16=0x2400 ping=0/0 pong=0/0 ok=0 dataset=0 last= err=0/0
thread_pskc role=leader rloc16=0x2400 ping=0/0 pong=0/0 ok=0 dataset=0 last= err=0/0
thread_pskc role=child rloc16=0xCC01 ping=0/0 pong=0/0 ok=0 dataset=0 last= err=0/0
thread_pskc role=child rloc16=0xCC01 ping=1/0 pong=0/1 ok=1 dataset=0 last=pskc-pong err=0/0
thread_pskc role=child rloc16=0xCC01 ping=1/0 pong=0/1 ok=1 dataset=0 last=pskc-pong err=0/0
thread_pskc role=child rloc16=0xCC01 ping=1/0 pong=0/1 ok=1 dataset=0 last=pskc-pong err=0/0
thread_pskc role=child rloc16=0xCC01 ping=1/0 pong=0/1 ok=1 dataset=0 last=pskc-pong err=0/0
thread_pskc role=child rloc16=0xCC01 ping=1/0 pong=0/1 ok=1 dataset=0 last=pskc-pong err=0/0
thread_pskc role=child rloc16=0xCC01 ping=1/0 pong=0/1 ok=1 dataset=0 last=pskc-pong err=0/0
thread_pskc role=child rloc16=0xCC01 ping=1/0 pong=0/1 ok=1 dataset=0 last=pskc-pong err=0/0
thread_pskc role=child rloc16=0xCC01 ping=1/0 pong=0/1 ok=1 dataset=0 last=pskc-pong err=0/0
thread_pskc role=child rloc16=0xCC01 ping=1/0 pong=0/1 ok=1 dataset=0 last=pskc-pong err=0/0
thread_pskc role=child rloc16=0xCC01 ping=1/0 pong=0/1 ok=1 dataset=0 last=pskc-pong err=0/0
thread_pskc role=child rloc16=0xCC01 ping=1/0 pong=0/1 ok=1 dataset=0 last=pskc-pong err=0/0
thread_pskc role=child rloc16=0xCC01 ping=1/0 pong=0/1 ok=1 dataset=0 last=pskc-pong err=0/0
thread_pskc role=child rloc16=0xCC01 ping=1/0 pong=0/1 ok=1 dataset=0 last=pskc-pong err=0/0
thread_pskc role=child rloc16=0xCC01 ping=1/0 pong=0/1 ok=1 dataset=0 last=pskc-pong err=0/0
