matter_foundation build=staged-seam
matter_foundation transport=thread
matter_foundation commissioning=on-network-only
matter_foundation import_mode=header+support+error+key-seed
matter_foundation device=on-off-light
cpuapp=1
thread=1
ble=0
prefs=1
entropy=1
crypto=1
clock=1
loop=1
vpr=0
import=1
imported=1
header_seed=1
support_seed=1
error_seed=1
key_seed=1
full_scaffold=0
matter_target=0
matter_foundation import=scripts/import_connectedhomeip_scaffold.sh
matter_foundation stage=hardware/nrf54l15clean/nrf54l15clean/libraries/Nrf54L15-Clean-Implementation/third_party/connectedhomeip
matter_foundation ref=337f8f54b4f0813681664e5b179dc3e16fdd14a0
matter_foundation docs=docs/MATTER_RUNTIME_OWNERSHIP.md
matter_foundation chip_vendor_google=0x6006
matter_foundation chip_group_node=0xFFFFFFFFFFFF1234
matter_foundation chip_group_node_b64=////////EjQ=
matter_foundation chip_group_node_b85=|NsC0|Njy+
matter_foundation chip_group_node_b85_roundtrip=1
matter_foundation chip_error_invalid_argument=0x0000002F
matter_foundation chip_error_invalid_argument_str=CHIP Error 0x0000002F: Invalid argument
matter_foundation chip_key_rotating=0x000051A2
matter_foundation chip_key_static=0x00004022
matter_foundation chip_key_desc=Application Static Key
matter_foundation chip_key_valid=1
matter_foundation chip_key_group=1
matter_foundation chip_key_same_group=1
matter_foundation chip_key_message_ok=1
