matter_foundation build=disabled
matter_foundation transport=thread
matter_foundation commissioning=on-network-only
matter_foundation import_mode=header+support+error+key+time-seed
matter_foundation device=on-off-light
cpuapp=1
thread=1
ble=0
prefs=1
entropy=1
crypto=1
clock=1
loop=1
vpr=0
import=1
imported=1
header_seed=1
support_seed=1
error_seed=1
key_seed=1
time_seed=1
full_scaffold=0
matter_target=0
matter_foundation import=scripts/import_connectedhomeip_scaffold.sh
matter_foundation stage=hardware/nrf54l15clean/nrf54l15clean/libraries/Nrf54L15-Clean-Implementation/third_party/connectedhomeip
matter_foundation ref=337f8f54b4f0813681664e5b179dc3e16fdd14a0
matter_foundation docs=docs/MATTER_RUNTIME_OWNERSHIP.md
matter_foundation chip_headers=disabled
